<?xml version="1.0" encoding="UTF-8" standalone="yes"?><!DOCTYPE report PUBLIC "-//JACOCO//DTD Report 1.1//EN" "report.dtd"><report name="org.maru.practice"><sessioninfo id="CN-L400227-ad288eec" start="1581951203410" dump="1581951204577"/><sessioninfo id="CN-L400227-e3b8eabf" start="1581951451433" dump="1581951454316"/><sessioninfo id="CN-L400227-7e7bc277" start="1582097821047" dump="1582097821776"/><sessioninfo id="CN-L400227-5cf9bf6a" start="1582098028109" dump="1582098028982"/><sessioninfo id="CN-L400227-c11298a5" start="1582098097237" dump="1582098098042"/><sessioninfo id="CN-L400227-d651ea1" start="1582098139785" dump="1582098141556"/><sessioninfo id="CN-L400227-dd11ff49" start="1582098235115" dump="1582098235654"/><sessioninfo id="CN-L400227-a9b4d18d" start="1582099467610" dump="1582099468507"/><sessioninfo id="CN-L400227-7d263166" start="1582119470597" dump="1582119471494"/><sessioninfo id="CN-L400227-3a37da3f" start="1582119513397" dump="1582119514748"/><sessioninfo id="CN-L400227-9d4e847c" start="1582119654377" dump="1582119655907"/><sessioninfo id="CN-L400227-3d86ea2a" start="1582119735322" dump="1582119737321"/><sessioninfo id="CN-L400227-4438ea97" start="1582119798136" dump="1582119799945"/><package name=""><class name="Mutation" sourcefilename="Mutation.java"><method name="&lt;init&gt;" desc="()V" line="1"><counter type="INSTRUCTION" missed="0" covered="3"/><counter type="LINE" missed="0" covered="1"/><counter type="COMPLEXITY" missed="0" covered="1"/><counter type="METHOD" missed="0" covered="1"/></method><method name="isPositive" desc="(I)Z" line="3"><counter type="INSTRUCTION" missed="0" covered="9"/><counter type="BRANCH" missed="0" covered="4"/><counter type="LINE" missed="0" covered="3"/><counter type="COMPLEXITY" missed="0" covered="3"/><counter type="METHOD" missed="0" covered="1"/></method><counter type="INSTRUCTION" missed="0" covered="12"/><counter type="BRANCH" missed="0" covered="4"/><counter type="LINE" missed="0" covered="4"/><counter type="COMPLEXITY" missed="0" covered="4"/><counter type="METHOD" missed="0" covered="2"/><counter type="CLASS" missed="0" covered="1"/></class><sourcefile name="Mutation.java"><line nr="1" mi="0" ci="3" mb="0" cb="0"/><line nr="3" mi="0" ci="5" mb="0" cb="4"/><line nr="4" mi="0" ci="2" mb="0" cb="0"/><line nr="6" mi="0" ci="2" mb="0" cb="0"/><counter type="INSTRUCTION" missed="0" covered="12"/><counter type="BRANCH" missed="0" covered="4"/><counter type="LINE" missed="0" covered="4"/><counter type="COMPLEXITY" missed="0" covered="4"/><counter type="METHOD" missed="0" covered="2"/><counter type="CLASS" missed="0" covered="1"/></sourcefile><counter type="INSTRUCTION" missed="0" covered="12"/><counter type="BRANCH" missed="0" covered="4"/><counter type="LINE" missed="0" covered="4"/><counter type="COMPLEXITY" missed="0" covered="4"/><counter type="METHOD" missed="0" covered="2"/><counter type="CLASS" missed="0" covered="1"/></package><counter type="INSTRUCTION" missed="0" covered="12"/><counter type="BRANCH" missed="0" covered="4"/><counter type="LINE" missed="0" covered="4"/><counter type="COMPLEXITY" missed="0" covered="4"/><counter type="METHOD" missed="0" covered="2"/><counter type="CLASS" missed="0" covered="1"/></report>